<?xml version="1.0" encoding="UTF-8"?>
<testng-results ignored="0" total="2" passed="2" failed="0" skipped="0">
  <reporter-output>
  </reporter-output>
  <suite started-at="2025-09-14T22:33:27 CEST" name="UI Suite" finished-at="2025-09-14T22:33:38 CEST" duration-ms="10801">
    <groups>
    </groups>
    <test started-at="2025-09-14T22:33:27 CEST" name="Login Tests" finished-at="2025-09-14T22:33:38 CEST" duration-ms="10801">
      <class name="com.example.tests.LoginTest">
        <test-method is-config="true" signature="setUp(java.lang.String,java.lang.String)[pri:0, instance:com.example.tests.LoginTest@131774fe]" started-at="2025-09-14T22:33:27 CEST" name="setUp" finished-at="2025-09-14T22:33:32 CEST" duration-ms="4783" status="PASS">
          <params>
            <param index="0">
              <value>
                <![CDATA[chrome]]>
              </value>
            </param>
            <param index="1">
              <value>
                <![CDATA[false]]>
              </value>
            </param>
          </params>
          <reporter-output>
          </reporter-output>
        </test-method> <!-- setUp -->
        <test-method signature="invalidLogin()[pri:0, instance:com.example.tests.LoginTest@131774fe]" started-at="2025-09-14T22:33:32 CEST" name="invalidLogin" description="Invalid login should show error" finished-at="2025-09-14T22:33:35 CEST" duration-ms="3377" status="PASS">
          <reporter-output>
          </reporter-output>
        </test-method> <!-- invalidLogin -->
        <test-method is-config="true" signature="tearDown()[pri:0, instance:com.example.tests.LoginTest@131774fe]" started-at="2025-09-14T22:33:35 CEST" name="tearDown" finished-at="2025-09-14T22:33:35 CEST" duration-ms="196" status="PASS">
          <reporter-output>
          </reporter-output>
        </test-method> <!-- tearDown -->
        <test-method is-config="true" signature="setUp(java.lang.String,java.lang.String)[pri:0, instance:com.example.tests.LoginTest@131774fe]" started-at="2025-09-14T22:33:35 CEST" name="setUp" finished-at="2025-09-14T22:33:37 CEST" duration-ms="1163" status="PASS">
          <params>
            <param index="0">
              <value>
                <![CDATA[chrome]]>
              </value>
            </param>
            <param index="1">
              <value>
                <![CDATA[false]]>
              </value>
            </param>
          </params>
          <reporter-output>
          </reporter-output>
        </test-method> <!-- setUp -->
        <test-method signature="validLogin()[pri:0, instance:com.example.tests.LoginTest@131774fe]" started-at="2025-09-14T22:33:37 CEST" name="validLogin" description="Valid login should land on inventory page" finished-at="2025-09-14T22:33:38 CEST" duration-ms="994" status="PASS">
          <reporter-output>
          </reporter-output>
        </test-method> <!-- validLogin -->
        <test-method is-config="true" signature="tearDown()[pri:0, instance:com.example.tests.LoginTest@131774fe]" started-at="2025-09-14T22:33:38 CEST" name="tearDown" finished-at="2025-09-14T22:33:38 CEST" duration-ms="211" status="PASS">
          <reporter-output>
          </reporter-output>
        </test-method> <!-- tearDown -->
      </class> <!-- com.example.tests.LoginTest -->
    </test> <!-- Login Tests -->
  </suite> <!-- UI Suite -->
</testng-results>
